<?xml version="1.0" encoding="UTF-8"?>
<!-- Generated by org.testng.reporters.JUnitReportReporter -->
<testsuite hostname="sukani" failures="0" tests="3" name="com.amzn.qa.tests.LoginPageTest" time="18.355" errors="0" timestamp="21 Aug. 2021 20:24:42 GMT" skipped="0">
  <testcase classname="com.amzn.qa.tests.LoginPageTest" name="LoginPageTitleTest" time="5.927"/>
  <testcase classname="com.amzn.qa.tests.LoginPageTest" name="ValidateImgTest" time="6.037"/>
  <testcase classname="com.amzn.qa.tests.LoginPageTest" name="LogInTest" time="6.391"/>
</testsuite> <!-- com.amzn.qa.tests.LoginPageTest -->
